0 info it worked if it ends with ok
1 verbose cli [ '/usr/local/Cellar/node/7.3.0/bin/node',
1 verbose cli   '/usr/local/bin/npm',
1 verbose cli   'publish' ]
2 info using npm@3.10.10
3 info using node@v7.3.0
4 verbose publish [ '.' ]
5 silly cache add args [ '.', null ]
6 verbose cache add spec .
7 silly cache add parsed spec Result {
7 silly cache add   raw: '.',
7 silly cache add   scope: null,
7 silly cache add   escapedName: null,
7 silly cache add   name: null,
7 silly cache add   rawSpec: '.',
7 silly cache add   spec: '/Users/oliverfriedmann/Projects/Beta/betajs-ui',
7 silly cache add   type: 'directory' }
8 verbose addLocalDirectory /Users/oliverfriedmann/.npm/betajs-ui/1.0.22/package.tgz not in flight; packing
9 verbose correctMkdir /Users/oliverfriedmann/.npm correctMkdir not in flight; initializing
10 info lifecycle betajs-ui@1.0.22~prepublish: betajs-ui@1.0.22
11 silly lifecycle betajs-ui@1.0.22~prepublish: no script for prepublish, continuing
12 verbose tar pack [ '/Users/oliverfriedmann/.npm/betajs-ui/1.0.22/package.tgz',
12 verbose tar pack   '/Users/oliverfriedmann/Projects/Beta/betajs-ui' ]
13 verbose tarball /Users/oliverfriedmann/.npm/betajs-ui/1.0.22/package.tgz
14 verbose folder /Users/oliverfriedmann/Projects/Beta/betajs-ui
15 verbose addLocalTarball adding from inside cache /Users/oliverfriedmann/.npm/betajs-ui/1.0.22/package.tgz
16 verbose correctMkdir /Users/oliverfriedmann/.npm correctMkdir not in flight; initializing
17 silly cache afterAdd betajs-ui@1.0.22
18 verbose afterAdd /Users/oliverfriedmann/.npm/betajs-ui/1.0.22/package/package.json not in flight; writing
19 verbose correctMkdir /Users/oliverfriedmann/.npm correctMkdir not in flight; initializing
20 verbose afterAdd /Users/oliverfriedmann/.npm/betajs-ui/1.0.22/package/package.json written
21 silly publish { homepage: 'http://betajs.com',
21 silly publish   license: 'Apache-2.0',
21 silly publish   licenses:
21 silly publish    [ { type: 'Apache-2.0',
21 silly publish        url: 'https://github.com/betajs/betajs-ui/blob/master/LICENSE' } ],
21 silly publish   author: { name: 'BetaJS', email: 'info@betajs.com' },
21 silly publish   bugs: { url: 'https://github.com/betajs/betajs-ui/issues' },
21 silly publish   name: 'betajs-ui',
21 silly publish   version: '1.0.22',
21 silly publish   description: 'BetaJS-UI is a library for enabling gestures and interactions such as drag and drop.',
21 silly publish   contributors: [ { name: 'Victor Lingenthal' }, { name: 'Oliver Friedmann' } ],
21 silly publish   devDependencies:
21 silly publish    { lodash: '',
21 silly publish      grunt: '',
21 silly publish      'grunt-contrib-jshint': '',
21 silly publish      'grunt-contrib-concat': '',
21 silly publish      'grunt-contrib-uglify': '',
21 silly publish      'grunt-contrib-clean': '',
21 silly publish      'grunt-preprocess': '',
21 silly publish      'grunt-git-revision-count': '',
21 silly publish      'grunt-closure-tools': '',
21 silly publish      'grunt-node-qunit': '',
21 silly publish      qunit: '',
21 silly publish      'grunt-wget': '',
21 silly publish      'grunt-jsdoc': '',
21 silly publish      'grunt-shell': '',
21 silly publish      'grunt-template': '',
21 silly publish      jsdom: '',
21 silly publish      'betajs-scoped': '',
21 silly publish      'betajs-compile': 'github:betajs/betajs-compile' },
21 silly publish   repository: { type: 'git', url: 'git://github.com/betajs/betajs-ui.git' },
21 silly publish   scripts: { test: 'grunt check-node' },
21 silly publish   meta:
21 silly publish    { blog: 'http://blog.betajs.com',
21 silly publish      twitter: 'http://twitter.com/thebetajs',
21 silly publish      sponsors: [ 'Ziggeo', 'Browserstack' ],
21 silly publish      guid: 'ff8d5222-1ae4-4719-b842-1dedb9162bc0',
21 silly publish      installdoc: 'docsrc/common/install.md',
21 silly publish      summarydoc: 'docsrc/common/summary.md',
21 silly publish      badges: { codeclimate: true, travis: true, npm: true },
21 silly publish      weakDependencies: { 'betajs-scoped': 'https://github.com/betajs/betajs-scoped' },
21 silly publish      dependencies:
21 silly publish       { betajs: 'https://github.com/betajs/betajs',
21 silly publish         'betajs-browser': 'https://github.com/betajs/betajs-browser' },
21 silly publish      compatability:
21 silly publish       { Firefox: '6 - Latest',
21 silly publish         Chrome: '15 - Latest',
21 silly publish         Safari: '4 - Latest',
21 silly publish         Opera: '12 - Latest',
21 silly publish         'Internet Explorer': '8 - Latest',
21 silly publish         Edge: '12 - Latest',
21 silly publish         iOS: '3.0 - Latest',
21 silly publish         Android: '2.2 - Latest' },
21 silly publish      tests: { 'Test Suite': 'http://rawgit.com/betajs/betajs-ui/master/tests/tests.html' },
21 silly publish      cdn:
21 silly publish       { 'beta-ui.js': 'http://cdn.rawgit.com/betajs/betajs-ui/master/dist/betajs-ui.js',
21 silly publish         'beta-ui.min.js': 'http://cdn.rawgit.com/betajs/betajs-ui/master/dist/betajs-ui.min.js',
21 silly publish         'beta-ui-noscoped.js': 'http://cdn.rawgit.com/betajs/betajs-ui/master/dist/betajs-ui-noscoped.js',
21 silly publish         'beta-ui-noscoped.min.js': 'http://cdn.rawgit.com/betajs/betajs-ui/master/dist/betajs-ui-noscoped.min.js' } },
21 silly publish   readme: '# betajs-ui 1.0.22\n[![Build Status](https://api.travis-ci.org/betajs/betajs-ui.svg?branch=master)](https://travis-ci.org/betajs/betajs-ui)\n[![Code Climate](https://codeclimate.com/github/betajs/betajs-ui/badges/gpa.svg)](https://codeclimate.com/github/betajs/betajs-ui)\n[![NPM](https://img.shields.io/npm/v/betajs-ui.svg?style=flat)](https://www.npmjs.com/package/betajs-ui)\n\n\nBetaJS-UI is a library for enabling gestures and interactions such as drag and drop.\n\n\n\n## Getting Started\n\n\nYou can use the library in the browser and compile it as well.\n\n#### Browser\n\n```javascript\n\t<script src="http://ajax.googleapis.com/ajax/libs/jquery/1.9.1/jquery.min.js"></script>\n\t<script src="betajs/dist/betajs.min.js"></script>\n\t<script src="betajs-browser/dist/betajs-browser.min.js"></script>\n\t<script src="betajs-dynamics/dist/betajs-ui.min.js"></script>\n``` \n\n#### Compile\n\n```javascript\n\tgit clone https://github.com/betajs/betajs-ui.git\n\tnpm install\n\tgrunt\n```\n\n\n\n## Basic Usage\n\n\n```js\n\n    \tBetaJS.UI.Interactions.Drag.multiple($(".doodad"), {\n            enabled : true,\n            clone_element: true\n        }, function (drag) {\n            drag.on("move", function (event) {\n            \tevent.actionable_modifier.csscls("focus", true);\n            \tevent.modifier.csscls("unfocus", true);\n            });\n        });\n        \n```\n\n```html\n    \t<div class="doodads">\n\t        <div class="doodad"><div class="inner">Doodad 1</div></div>\n\t        <div class="doodad"><div class="inner">Doodad 2</div></div>\n\t        <div class="doodad"><div class="inner">Doodad 3</div></div>\n\t        <div class="doodad"><div class="inner">Doodad 4</div></div>\n\t        <div class="doodad"><div class="inner">Doodad 5</div></div>\n    \t</div>\n```\n\n\n\n## Links\n| Resource   | URL |\n| :--------- | --: |\n| Homepage   | [http://betajs.com](http://betajs.com) |\n| Git        | [git://github.com/betajs/betajs-ui.git](git://github.com/betajs/betajs-ui.git) |\n| Repository | [https://github.com/betajs/betajs-ui](https://github.com/betajs/betajs-ui) |\n| Blog       | [http://blog.betajs.com](http://blog.betajs.com) | \n| Twitter    | [http://twitter.com/thebetajs](http://twitter.com/thebetajs) | \n \n\n\n\n## Compatability\n| Target | Versions |\n| :----- | -------: |\n| Firefox | 6 - Latest |\n| Chrome | 15 - Latest |\n| Safari | 4 - Latest |\n| Opera | 12 - Latest |\n| Internet Explorer | 8 - Latest |\n| Edge | 12 - Latest |\n| iOS | 3.0 - Latest |\n| Android | 2.2 - Latest |\n\n\n## CDN\n| Resource | URL |\n| :----- | -------: |\n| beta-ui.js | [http://cdn.rawgit.com/betajs/betajs-ui/master/dist/betajs-ui.js](http://cdn.rawgit.com/betajs/betajs-ui/master/dist/betajs-ui.js) |\n| beta-ui.min.js | [http://cdn.rawgit.com/betajs/betajs-ui/master/dist/betajs-ui.min.js](http://cdn.rawgit.com/betajs/betajs-ui/master/dist/betajs-ui.min.js) |\n| beta-ui-noscoped.js | [http://cdn.rawgit.com/betajs/betajs-ui/master/dist/betajs-ui-noscoped.js](http://cdn.rawgit.com/betajs/betajs-ui/master/dist/betajs-ui-noscoped.js) |\n| beta-ui-noscoped.min.js | [http://cdn.rawgit.com/betajs/betajs-ui/master/dist/betajs-ui-noscoped.min.js](http://cdn.rawgit.com/betajs/betajs-ui/master/dist/betajs-ui-noscoped.min.js) |\n\n\n## Unit Tests\n| Resource | URL |\n| :----- | -------: |\n| Test Suite | [Run](http://rawgit.com/betajs/betajs-ui/master/tests/tests.html) |\n\n\n## Dependencies\n| Name | URL |\n| :----- | -------: |\n| betajs | [Open](https://github.com/betajs/betajs) |\n| betajs-browser | [Open](https://github.com/betajs/betajs-browser) |\n\n\n## Weak Dependencies\n| Name | URL |\n| :----- | -------: |\n| betajs-scoped | [Open](https://github.com/betajs/betajs-scoped) |\n\n\n## Main Contributors\n\n- Victor Lingenthal\n- Oliver Friedmann\n\n## License\n\nApache-2.0\n\n\n\n\n\n\n## Sponsors\n\n- Ziggeo\n- Browserstack\n\n\n',
21 silly publish   readmeFilename: 'README.md',
21 silly publish   gitHead: '69f944b0368b1fd38faaa2f2f71477052a7898d5',
21 silly publish   _id: 'betajs-ui@1.0.22',
21 silly publish   _shasum: 'ce8ba6e32652b4089ce9bce87e76c64d9074a736',
21 silly publish   _from: '.' }
22 verbose getPublishConfig undefined
23 silly mapToRegistry name betajs-ui
24 silly mapToRegistry using default registry
25 silly mapToRegistry registry https://registry.npmjs.org/
26 silly mapToRegistry data Result {
26 silly mapToRegistry   raw: 'betajs-ui',
26 silly mapToRegistry   scope: null,
26 silly mapToRegistry   escapedName: 'betajs-ui',
26 silly mapToRegistry   name: 'betajs-ui',
26 silly mapToRegistry   rawSpec: '',
26 silly mapToRegistry   spec: 'latest',
26 silly mapToRegistry   type: 'tag' }
27 silly mapToRegistry uri https://registry.npmjs.org/betajs-ui
28 verbose publish registryBase https://registry.npmjs.org/
29 silly publish uploading /Users/oliverfriedmann/.npm/betajs-ui/1.0.22/package.tgz
30 verbose request uri https://registry.npmjs.org/betajs-ui
31 verbose request sending authorization for write operation
32 info attempt registry request try #1 at 8:56:33 PM
33 verbose request using bearer token for auth
34 verbose request id 84eec5e8c9bf52d6
35 http request PUT https://registry.npmjs.org/betajs-ui
36 http 403 https://registry.npmjs.org/betajs-ui
37 verbose headers { 'content-type': 'application/json',
37 verbose headers   'cache-control': 'max-age=300',
37 verbose headers   'content-length': '96',
37 verbose headers   'accept-ranges': 'bytes',
37 verbose headers   date: 'Mon, 09 Jan 2017 01:56:34 GMT',
37 verbose headers   via: '1.1 varnish',
37 verbose headers   connection: 'keep-alive',
37 verbose headers   'x-served-by': 'cache-jfk8133-JFK',
37 verbose headers   'x-cache': 'MISS',
37 verbose headers   'x-cache-hits': '0',
37 verbose headers   'x-timer': 'S1483926993.461769,VS0,VE889',
37 verbose headers   vary: 'Accept-Encoding' }
38 verbose request invalidating /Users/oliverfriedmann/.npm/registry.npmjs.org/betajs-ui on PUT
39 error publish Failed PUT 403
40 verbose stack Error: "You cannot publish over the previously published version 1.0.22." : betajs-ui
40 verbose stack     at makeError (/usr/local/lib/node_modules/npm/node_modules/npm-registry-client/lib/request.js:302:12)
40 verbose stack     at CachingRegistryClient.<anonymous> (/usr/local/lib/node_modules/npm/node_modules/npm-registry-client/lib/request.js:290:14)
40 verbose stack     at Request._callback (/usr/local/lib/node_modules/npm/node_modules/npm-registry-client/lib/request.js:210:14)
40 verbose stack     at Request.self.callback (/usr/local/lib/node_modules/npm/node_modules/request/request.js:187:22)
40 verbose stack     at emitTwo (events.js:106:13)
40 verbose stack     at Request.emit (events.js:191:7)
40 verbose stack     at Request.<anonymous> (/usr/local/lib/node_modules/npm/node_modules/request/request.js:1048:10)
40 verbose stack     at emitOne (events.js:96:13)
40 verbose stack     at Request.emit (events.js:188:7)
40 verbose stack     at IncomingMessage.<anonymous> (/usr/local/lib/node_modules/npm/node_modules/request/request.js:969:12)
41 verbose statusCode 403
42 verbose pkgid betajs-ui
43 verbose cwd /Users/oliverfriedmann/Projects/Beta/betajs-ui
44 error Darwin 16.3.0
45 error argv "/usr/local/Cellar/node/7.3.0/bin/node" "/usr/local/bin/npm" "publish"
46 error node v7.3.0
47 error npm  v3.10.10
48 error code E403
49 error "You cannot publish over the previously published version 1.0.22." : betajs-ui
50 error If you need help, you may report this error at:
50 error     <https://github.com/npm/npm/issues>
51 verbose exit [ 1, true ]
